Using pre-set license
Built from '2020.3/china_unity/release' branch; Version is '2020.3.18f1c1 (94c5a6b4c040) revision 9749926'; Using compiler version '192528614'; Build Type 'Release'
OS: 'Windows 10 Home China; OS build 19044.2364; Version 2009; 64bit' Language: 'zh' Physical Memory: 8025 MB
BatchMode: 1, IsHumanControllingUs: 0, StartBugReporterOnCrash: 0, Is64bit: 1, IsPro: 0

COMMAND LINE ARGUMENTS:
D:\unity\2021unity\2020.3.18f1c1\Editor\Unity.exe
-adb2
-batchMode
-noUpm
-name
AssetImportWorker0
-projectPath
D:/inventoryBag/InventoryBag
-logFile
Logs/AssetImportWorker0.log
-srvPort
64747
Successfully changed project path to: D:/inventoryBag/InventoryBag
D:/inventoryBag/InventoryBag
Using Asset Import Pipeline V2.
AS: AutoStreaming module initializing.Refreshing native plugins compatible for Editor in 121.81 ms, found 4 plugins.
Preloading 0 native plugins for Editor in 0.00 ms.
Initialize engine version: 2020.3.18f1c1 (94c5a6b4c040)
[Subsystems] Discovering subsystems at path D:/unity/2021unity/2020.3.18f1c1/Editor/Data/Resources/UnitySubsystems
[Subsystems] Discovering subsystems at path D:/inventoryBag/InventoryBag/Assets
GfxDevice: creating device client; threaded=0
Direct3D:
    Version:  Direct3D 11.0 [level 11.1]
    Renderer: NVIDIA GeForce MX250 (ID=0x1d13)
    Vendor:   
    VRAM:     1983 MB
    Driver:   26.21.14.4112
Initialize mono
Mono path[0] = 'D:/unity/2021unity/2020.3.18f1c1/Editor/Data/Managed'
Mono path[1] = 'D:/unity/2021unity/2020.3.18f1c1/Editor/Data/MonoBleedingEdge/lib/mono/unityjit'
Mono config path = 'D:/unity/2021unity/2020.3.18f1c1/Editor/Data/MonoBleedingEdge/etc'
Using monoOptions --debugger-agent=transport=dt_socket,embedding=1,server=y,suspend=n,address=127.0.0.1:56652
Begin MonoManager ReloadAssembly
Registering precompiled unity dll's ...
Register platform support module: D:/unity/2021unity/2020.3.18f1c1/Editor/Data/PlaybackEngines/WindowsStandaloneSupport/UnityEditor.WindowsStandalone.Extensions.dll
Registered in 0.004051 seconds.
Native extension for WindowsStandalone target not found
Refreshing native plugins compatible for Editor in 111.28 ms, found 4 plugins.
Preloading 0 native plugins for Editor in 0.00 ms.
Mono: successfully reloaded assembly
- Completed reload, in  2.787 seconds
Domain Reload Profiling:
	ReloadAssembly (2787ms)
		BeginReloadAssembly (126ms)
			ExecutionOrderSort (0ms)
			DisableScriptedObjects (0ms)
			BackupInstance (0ms)
			ReleaseScriptingObjects (0ms)
			CreateAndSetChildDomain (1ms)
		EndReloadAssembly (908ms)
			LoadAssemblies (127ms)
			RebuildTransferFunctionScriptingTraits (0ms)
			SetupTypeCache (312ms)
			ReleaseScriptCaches (0ms)
			RebuildScriptCaches (67ms)
			SetupLoadedEditorAssemblies (377ms)
				LogAssemblyErrors (0ms)
				InitializePlatformSupportModulesInManaged (5ms)
				SetLoadedEditorAssemblies (0ms)
				RefreshPlugins (111ms)
				BeforeProcessingInitializeOnLoad (27ms)
				ProcessInitializeOnLoadAttributes (142ms)
				ProcessInitializeOnLoadMethodAttributes (91ms)
				AfterProcessingInitializeOnLoad (0ms)
				EditorAssembliesLoaded (0ms)
			ExecutionOrderSort2 (0ms)
			AwakeInstancesAfterBackupRestoration (0ms)
Platform modules already initialized, skipping
Registering precompiled user dll's ...
Registered in 0.012243 seconds.
Begin MonoManager ReloadAssembly
Native extension for WindowsStandalone target not found
Refreshing native plugins compatible for Editor in 56.06 ms, found 4 plugins.
Preloading 0 native plugins for Editor in 0.00 ms.
Mono: successfully reloaded assembly
- Completed reload, in  2.050 seconds
Domain Reload Profiling:
	ReloadAssembly (2051ms)
		BeginReloadAssembly (294ms)
			ExecutionOrderSort (0ms)
			DisableScriptedObjects (6ms)
			BackupInstance (0ms)
			ReleaseScriptingObjects (0ms)
			CreateAndSetChildDomain (32ms)
		EndReloadAssembly (1679ms)
			LoadAssemblies (213ms)
			RebuildTransferFunctionScriptingTraits (0ms)
			SetupTypeCache (697ms)
			ReleaseScriptCaches (1ms)
			RebuildScriptCaches (84ms)
			SetupLoadedEditorAssemblies (542ms)
				LogAssemblyErrors (0ms)
				InitializePlatformSupportModulesInManaged (4ms)
				SetLoadedEditorAssemblies (0ms)
				RefreshPlugins (56ms)
				BeforeProcessingInitializeOnLoad (114ms)
				ProcessInitializeOnLoadAttributes (336ms)
				ProcessInitializeOnLoadMethodAttributes (28ms)
				AfterProcessingInitializeOnLoad (3ms)
				EditorAssembliesLoaded (0ms)
			ExecutionOrderSort2 (0ms)
			AwakeInstancesAfterBackupRestoration (9ms)
Platform modules already initialized, skipping
========================================================================
Worker process is ready to serve import requests
Launched and connected shader compiler UnityShaderCompiler.exe after 0.05 seconds
Refreshing native plugins compatible for Editor in 0.66 ms, found 4 plugins.
Preloading 0 native plugins for Editor in 0.00 ms.
Unloading 2258 Unused Serialized files (Serialized files now loaded: 0)
System memory in use before: 98.5 MB.
System memory in use after: 98.6 MB.

Unloading 42 unused Assets to reduce memory usage. Loaded Objects now: 2682.
Total: 4.097200 ms (FindLiveObjects: 0.239200 ms CreateObjectMapping: 0.104200 ms MarkObjects: 3.647300 ms  DeleteObjects: 0.104200 ms)

AssetImportParameters requested are different than current active one (requested -> active):
  custom:framework-win-MediaFoundation: 216162199b28c13a410421893ffa2e32 -> 
  custom:video-decoder-ogg-theora: a1e56fd34408186e4bbccfd4996cb3dc -> 
  custom:container-muxer-webm: aa71ff27fc2769a1b78a27578f13a17b -> 
  custom:container-demuxer-webm: 4f35f7cbe854078d1ac9338744f61a02 -> 
  custom:container-demuxer-ogg: 62fdf1f143b41e24485cea50d1cbac27 -> 
  custom:video-encoder-webm-vp8: eb34c28f22e8b96e1ab97ce403110664 -> 
  custom:video-codec-MediaFoundation-h265: 746d11721c4dcdbdad8f713fa42b33f4 -> 
  custom:video-decoder-webm-vp8: 9c59270c3fd7afecdb556c50c9e8de78 -> 
  custom:audio-decoder-ogg-vorbis: bf7c407c2cedff20999df2af8eb42d56 -> 
  custom:audio-encoder-webm-vorbis: bf7c407c2cedff20999df2af8eb42d56 -> 
========================================================================
Received Import Request.
  path: Assets/Resources/UI/BagPanel.prefab
  artifactKey: Guid(b90777babe1f4c44db712a15a0e5c28b) Importer(815301076,1909f56bfc062723c751e8b465ee728b)
Start importing Assets/Resources/UI/BagPanel.prefab using Guid(b90777babe1f4c44db712a15a0e5c28b) Importer(815301076,1909f56bfc062723c751e8b465ee728b)  -> (artifact id: '9df2792beeaa3a16062b2b55b188a567') in 0.187440 seconds 
  Import took 0.194430 seconds .

========================================================================
Received Import Request.
  Time since last request: 9.131058 seconds.
  path: Assets/Resources/UI/BagPanel.prefab
  artifactKey: Guid(b90777babe1f4c44db712a15a0e5c28b) Importer(815301076,1909f56bfc062723c751e8b465ee728b)
Start importing Assets/Resources/UI/BagPanel.prefab using Guid(b90777babe1f4c44db712a15a0e5c28b) Importer(815301076,1909f56bfc062723c751e8b465ee728b)  -> (artifact id: 'fc9f5838f991b67bd440f9de58b51508') in 0.011983 seconds 
  Import took 0.019763 seconds .

========================================================================
Received Import Request.
  Time since last request: 7.224718 seconds.
  path: Assets/Resources/UI/BagPanel.prefab
  artifactKey: Guid(b90777babe1f4c44db712a15a0e5c28b) Importer(815301076,1909f56bfc062723c751e8b465ee728b)
Start importing Assets/Resources/UI/BagPanel.prefab using Guid(b90777babe1f4c44db712a15a0e5c28b) Importer(815301076,1909f56bfc062723c751e8b465ee728b)  -> (artifact id: '3a25b39338b3c89bc45436bf287b3640') in 0.010439 seconds 
  Import took 0.017201 seconds .

========================================================================
Received Import Request.
  Time since last request: 13.367936 seconds.
  path: Assets/Resources/UI/BagPanel.prefab
  artifactKey: Guid(b90777babe1f4c44db712a15a0e5c28b) Importer(815301076,1909f56bfc062723c751e8b465ee728b)
Start importing Assets/Resources/UI/BagPanel.prefab using Guid(b90777babe1f4c44db712a15a0e5c28b) Importer(815301076,1909f56bfc062723c751e8b465ee728b)  -> (artifact id: 'fe06d396e3278bdc5299803a4c53d1bf') in 0.011232 seconds 
  Import took 0.016689 seconds .

========================================================================
Received Import Request.
  Time since last request: 10.788607 seconds.
  path: Assets/Resources/UI/BagPanel.prefab
  artifactKey: Guid(b90777babe1f4c44db712a15a0e5c28b) Importer(815301076,1909f56bfc062723c751e8b465ee728b)
Start importing Assets/Resources/UI/BagPanel.prefab using Guid(b90777babe1f4c44db712a15a0e5c28b) Importer(815301076,1909f56bfc062723c751e8b465ee728b)  -> (artifact id: 'f33c720077843d56903d4b1308ab9634') in 0.011657 seconds 
  Import took 0.018442 seconds .

========================================================================
Received Import Request.
  Time since last request: 11.078508 seconds.
  path: Assets/Resources/UI/BagPanel.prefab
  artifactKey: Guid(b90777babe1f4c44db712a15a0e5c28b) Importer(815301076,1909f56bfc062723c751e8b465ee728b)
Start importing Assets/Resources/UI/BagPanel.prefab using Guid(b90777babe1f4c44db712a15a0e5c28b) Importer(815301076,1909f56bfc062723c751e8b465ee728b)  -> (artifact id: 'eee0e1363941df66d4df1b733d281e94') in 0.008725 seconds 
  Import took 0.015692 seconds .

========================================================================
Received Import Request.
  Time since last request: 12.553165 seconds.
  path: Assets/Resources/UI/BagPanel.prefab
  artifactKey: Guid(b90777babe1f4c44db712a15a0e5c28b) Importer(815301076,1909f56bfc062723c751e8b465ee728b)
Start importing Assets/Resources/UI/BagPanel.prefab using Guid(b90777babe1f4c44db712a15a0e5c28b) Importer(815301076,1909f56bfc062723c751e8b465ee728b)  -> (artifact id: '122e960a09cc3e31002854b0b7432224') in 0.011612 seconds 
  Import took 0.021590 seconds .

========================================================================
Received Import Request.
  Time since last request: 19.979332 seconds.
  path: Assets/Resources/UI/BagPanel.prefab
  artifactKey: Guid(b90777babe1f4c44db712a15a0e5c28b) Importer(815301076,1909f56bfc062723c751e8b465ee728b)
Start importing Assets/Resources/UI/BagPanel.prefab using Guid(b90777babe1f4c44db712a15a0e5c28b) Importer(815301076,1909f56bfc062723c751e8b465ee728b)  -> (artifact id: '395c33d360ceb9c2efa04b5e5e9872eb') in 0.021345 seconds 
  Import took 0.034106 seconds .

========================================================================
Received Import Request.
  Time since last request: 6.426388 seconds.
  path: Assets/Resources/UI/BagPanel.prefab
  artifactKey: Guid(b90777babe1f4c44db712a15a0e5c28b) Importer(815301076,1909f56bfc062723c751e8b465ee728b)
Start importing Assets/Resources/UI/BagPanel.prefab using Guid(b90777babe1f4c44db712a15a0e5c28b) Importer(815301076,1909f56bfc062723c751e8b465ee728b)  -> (artifact id: '2170feabaf4c67462d2ec701f126a980') in 0.012147 seconds 
  Import took 0.018270 seconds .

========================================================================
Received Import Request.
  Time since last request: 6.708194 seconds.
  path: Assets/Resources/UI/BagPanel.prefab
  artifactKey: Guid(b90777babe1f4c44db712a15a0e5c28b) Importer(815301076,1909f56bfc062723c751e8b465ee728b)
Start importing Assets/Resources/UI/BagPanel.prefab using Guid(b90777babe1f4c44db712a15a0e5c28b) Importer(815301076,1909f56bfc062723c751e8b465ee728b)  -> (artifact id: 'a9d43ea88586df1d42b32c49fa0871ba') in 0.020900 seconds 
  Import took 0.032245 seconds .

========================================================================
Received Import Request.
  Time since last request: 1.774759 seconds.
  path: Assets/Resources/UI/BagPanel.prefab
  artifactKey: Guid(b90777babe1f4c44db712a15a0e5c28b) Importer(815301076,1909f56bfc062723c751e8b465ee728b)
Start importing Assets/Resources/UI/BagPanel.prefab using Guid(b90777babe1f4c44db712a15a0e5c28b) Importer(815301076,1909f56bfc062723c751e8b465ee728b)  -> (artifact id: '3c843daca5e48eeed56d6fa93f56d4a3') in 0.013287 seconds 
  Import took 0.021234 seconds .

========================================================================
Received Import Request.
  Time since last request: 2.627197 seconds.
  path: Assets/Resources/UI/BagPanel.prefab
  artifactKey: Guid(b90777babe1f4c44db712a15a0e5c28b) Importer(815301076,1909f56bfc062723c751e8b465ee728b)
Start importing Assets/Resources/UI/BagPanel.prefab using Guid(b90777babe1f4c44db712a15a0e5c28b) Importer(815301076,1909f56bfc062723c751e8b465ee728b)  -> (artifact id: '31e63c8ea2192c933695fadb8bda6297') in 0.012304 seconds 
  Import took 0.021422 seconds .

========================================================================
Received Import Request.
  Time since last request: 122.697855 seconds.
  path: Assets/Resources/UI/BagPanel.prefab
  artifactKey: Guid(b90777babe1f4c44db712a15a0e5c28b) Importer(815301076,1909f56bfc062723c751e8b465ee728b)
Start importing Assets/Resources/UI/BagPanel.prefab using Guid(b90777babe1f4c44db712a15a0e5c28b) Importer(815301076,1909f56bfc062723c751e8b465ee728b)  -> (artifact id: '4af420e91f9e8fbe7c7b99ceea38357a') in 0.059015 seconds 
  Import took 0.067087 seconds .

========================================================================
Received Prepare
Registering precompiled user dll's ...
Registered in 0.473098 seconds.
Begin MonoManager ReloadAssembly
Native extension for WindowsStandalone target not found
Refreshing native plugins compatible for Editor in 1.17 ms, found 4 plugins.
Preloading 0 native plugins for Editor in 0.00 ms.
Mono: successfully reloaded assembly
- Completed reload, in  2.993 seconds
Domain Reload Profiling:
	ReloadAssembly (2994ms)
		BeginReloadAssembly (331ms)
			ExecutionOrderSort (0ms)
			DisableScriptedObjects (18ms)
			BackupInstance (0ms)
			ReleaseScriptingObjects (0ms)
			CreateAndSetChildDomain (119ms)
		EndReloadAssembly (2518ms)
			LoadAssemblies (267ms)
			RebuildTransferFunctionScriptingTraits (0ms)
			SetupTypeCache (764ms)
			ReleaseScriptCaches (2ms)
			RebuildScriptCaches (111ms)
			SetupLoadedEditorAssemblies (1145ms)
				LogAssemblyErrors (0ms)
				InitializePlatformSupportModulesInManaged (12ms)
				SetLoadedEditorAssemblies (1ms)
				RefreshPlugins (1ms)
				BeforeProcessingInitializeOnLoad (194ms)
				ProcessInitializeOnLoadAttributes (900ms)
				ProcessInitializeOnLoadMethodAttributes (30ms)
				AfterProcessingInitializeOnLoad (5ms)
				EditorAssembliesLoaded (0ms)
			ExecutionOrderSort2 (0ms)
			AwakeInstancesAfterBackupRestoration (26ms)
Platform modules already initialized, skipping
Refreshing native plugins compatible for Editor in 1.36 ms, found 4 plugins.
Preloading 0 native plugins for Editor in 0.00 ms.
Unloading 2248 Unused Serialized files (Serialized files now loaded: 0)
System memory in use before: 98.2 MB.
System memory in use after: 98.3 MB.

Unloading 32 unused Assets to reduce memory usage. Loaded Objects now: 2687.
Total: 5.519000 ms (FindLiveObjects: 0.249900 ms CreateObjectMapping: 0.131300 ms MarkObjects: 4.989500 ms  DeleteObjects: 0.146700 ms)

AssetImportParameters requested are different than current active one (requested -> active):
  custom:framework-win-MediaFoundation: 216162199b28c13a410421893ffa2e32 -> 
  custom:video-decoder-ogg-theora: a1e56fd34408186e4bbccfd4996cb3dc -> 
  custom:container-muxer-webm: aa71ff27fc2769a1b78a27578f13a17b -> 
  custom:container-demuxer-webm: 4f35f7cbe854078d1ac9338744f61a02 -> 
  custom:container-demuxer-ogg: 62fdf1f143b41e24485cea50d1cbac27 -> 
  custom:video-encoder-webm-vp8: eb34c28f22e8b96e1ab97ce403110664 -> 
  custom:video-codec-MediaFoundation-h265: 746d11721c4dcdbdad8f713fa42b33f4 -> 
  custom:video-decoder-webm-vp8: 9c59270c3fd7afecdb556c50c9e8de78 -> 
  custom:audio-decoder-ogg-vorbis: bf7c407c2cedff20999df2af8eb42d56 -> 
  custom:audio-encoder-webm-vorbis: bf7c407c2cedff20999df2af8eb42d56 -> 
AssetImportWorkerClient::OnTransportError - code=2 error=End of file
